<?xml version="1.0" encoding="utf-8"?><testsuites name="pytest tests"><testsuite name="pytest" errors="0" failures="0" skipped="0" tests="15" time="5.804" timestamp="2026-08-29T21:07:25.797989+00:00" hostname="agent-env-6643b54d-10b7-45d5-a60a-68ce49e5e2b5"><testcase classname="backend.tests.test_audit_pass.TestRegressionStatus" name="test_admin_login_and_status" time="0.741" /><testcase classname="backend.tests.test_audit_pass.TestAuditLog" name="test_audit_mission_created" time="0.597" /><testcase classname="backend.tests.test_audit_pass.TestRazorpay" name="test_create_order_not_configured" time="0.154" /><testcase classname="backend.tests.test_audit_pass.TestRazorpay" name="test_verify_guarded_400" time="0.160" /><testcase classname="backend.tests.test_audit_pass.TestRazorpay" name="test_webhook_not_configured" time="0.158" /><testcase classname="backend.tests.test_audit_pass.TestTelephony" name="test_call_bogus_vendor_404" time="0.159" /><testcase classname="backend.tests.test_audit_pass.TestTelephony" name="test_list_calls_ok" time="0.159" /><testcase classname="backend.tests.test_audit_pass.TestWhatsApp" name="test_send_bogus_vendor_404" time="0.199" /><testcase classname="backend.tests.test_audit_pass.TestWhatsApp" name="test_status_not_configured" time="0.149" /><testcase classname="backend.tests.test_audit_pass.TestWhatsApp" name="test_webhook_verify_403" time="0.176" /><testcase classname="backend.tests.test_audit_pass.TestOrgIsolation" name="test_new_user_cannot_see_admin_mission" time="0.998" /><testcase classname="backend.tests.test_audit_pass.TestEntitlements" name="test_free_plan_402" time="1.061" /><testcase classname="backend.tests.test_audit_pass.TestNoRegression" name="test_dashboard_stats" time="0.156" /><testcase classname="backend.tests.test_audit_pass.TestNoRegression" name="test_dashboard_analytics" time="0.154" /><testcase classname="backend.tests.test_audit_pass.TestNoRegression" name="test_vendors_memory" time="0.703" /></testsuite></testsuites>