<?xml version="1.0" encoding="utf-8"?><testsuites name="pytest tests"><testsuite name="pytest" errors="0" failures="0" skipped="0" tests="7" time="29.877" timestamp="2026-08-30T02:50:16.297389+00:00" hostname="agent-env-6643b54d-10b7-45d5-a60a-68ce49e5e2b5"><testcase classname="backend.tests.test_authority_guard.TestAuthorityGuard" name="test_negotiate_persists_authority_fields" time="23.308" /><testcase classname="backend.tests.test_authority_guard.TestRealOfferPreservation" name="test_apply_offer_creates_vendor_email_offer" time="0.136" /><testcase classname="backend.tests.test_authority_guard.TestRealOfferPreservation" name="test_renegotiate_does_not_wipe_real_offer" time="5.184" /><testcase classname="backend.tests.test_authority_guard.TestNoAutoCommit" name="test_mission_not_approved_and_no_purchases" time="0.172" /><testcase classname="backend.tests.test_authority_guard.TestRegression" name="test_system_status" time="0.830" /><testcase classname="backend.tests.test_authority_guard.TestRegression" name="test_dashboard_analytics" time="0.059" /><testcase classname="backend.tests.test_authority_guard.TestRegression" name="test_vendors_memory" time="0.126" /></testsuite></testsuites>