<?xml version="1.0" encoding="utf-8"?><testsuites name="pytest tests"><testsuite name="pytest" errors="0" failures="0" skipped="0" tests="9" time="3.299" timestamp="2026-08-30T10:42:20.952402+00:00" hostname="agent-env-e01b89ae-c82e-4bb4-827e-a97121bde1bd"><testcase classname="backend.tests.test_billing_razorpay" name="test_plans_catalog" time="0.222" /><testcase classname="backend.tests.test_billing_razorpay" name="test_create_order_pro" time="1.305" /><testcase classname="backend.tests.test_billing_razorpay" name="test_create_order_mission" time="0.867" /><testcase classname="backend.tests.test_billing_razorpay" name="test_create_order_unknown_plan" time="0.097" /><testcase classname="backend.tests.test_billing_razorpay" name="test_create_order_requires_auth" time="0.146" /><testcase classname="backend.tests.test_billing_razorpay" name="test_verify_invalid_signature" time="0.143" /><testcase classname="backend.tests.test_billing_razorpay" name="test_verify_does_not_activate_on_invalid" time="0.130" /><testcase classname="backend.tests.test_billing_razorpay" name="test_verify_valid_signature_activates" time="0.195" /><testcase classname="backend.tests.test_billing_razorpay" name="test_verify_idempotent" time="0.091" /></testsuite></testsuites>