<?xml version="1.0" encoding="utf-8"?><testsuites name="pytest tests"><testsuite name="pytest" errors="0" failures="0" skipped="0" tests="34" time="65.389" timestamp="2026-08-30T03:57:09.180949+00:00" hostname="agent-env-1d12fb27-e01b-4fba-8588-1ca3780d0439"><testcase classname="tests.test_call_center.TestCallConfig" name="test_login_ok" time="0.408" /><testcase classname="tests.test_call_center.TestCallConfig" name="test_create_config" time="0.049" /><testcase classname="tests.test_call_center.TestCallConfig" name="test_config_requires_number" time="0.046" /><testcase classname="tests.test_call_center.TestCallConfig" name="test_config_org_isolation" time="0.042" /><testcase classname="tests.test_call_center.TestCallConfig" name="test_config_bad_vendor" time="0.042" /><testcase classname="tests.test_call_center.TestCallConfig" name="test_config_requires_auth" time="0.102" /><testcase classname="tests.test_call_center.TestCallConfig" name="test_disclosure_off" time="0.053" /><testcase classname="tests.test_call_center.TestSimulation" name="test_status_and_approval" time="44.775" /><testcase classname="tests.test_call_center.TestSimulation" name="test_transcript" time="0.000" /><testcase classname="tests.test_call_center.TestSimulation" name="test_analysis" time="0.000" /><testcase classname="tests.test_call_center.TestSimulation" name="test_authority_clamp" time="0.000" /><testcase classname="tests.test_call_center.TestSimulation" name="test_no_order_auto_created" time="0.139" /><testcase classname="tests.test_call_center.TestSimulation" name="test_offer_flagged_not_purchase" time="0.044" /><testcase classname="tests.test_call_center.TestSimulation" name="test_double_approve_rejected" time="0.047" /><testcase classname="tests.test_call_center.TestSimulation" name="test_analyze_existing_transcript" time="14.796" /><testcase classname="tests.test_call_center.TestSimulation" name="test_analyze_without_transcript" time="0.827" /><testcase classname="tests.test_call_center.TestSimulation" name="test_session_fetch" time="0.050" /><testcase classname="tests.test_call_center.TestSimulation" name="test_session_not_found" time="0.047" /><testcase classname="tests.test_call_center.TestSimulation" name="test_history" time="0.060" /><testcase classname="tests.test_call_center.TestSimulation" name="test_outcome_invalid" time="0.046" /><testcase classname="tests.test_call_center.TestSimulation" name="test_outcome_approve_then_reject" time="0.146" /><testcase classname="tests.test_call_center.TestSimulation" name="test_outcome_does_not_create_order" time="0.086" /><testcase classname="tests.test_call_center.TestLiveMode" name="test_live_call_fails_honestly" time="0.815" /><testcase classname="tests.test_call_center.TestWebhookSecurity" name="test_status_callback_no_token" time="0.154" /><testcase classname="tests.test_call_center.TestWebhookSecurity" name="test_status_callback_bad_token" time="0.177" /><testcase classname="tests.test_call_center.TestWebhookSecurity" name="test_voice_start_no_token" time="0.108" /><testcase classname="tests.test_call_center.TestWebhookSecurity" name="test_transcript_push_no_token" time="0.107" /><testcase classname="tests.test_call_webhooks" name="test_voice_start_with_token" time="0.474" /><testcase classname="tests.test_call_webhooks" name="test_voice_start_unknown_session" time="0.116" /><testcase classname="tests.test_call_webhooks" name="test_status_callback_cannot_mutate_authority" time="0.285" /><testcase classname="tests.test_call_webhooks" name="test_transcript_push_with_token" time="0.324" /><testcase classname="tests.test_call_webhooks" name="test_transcript_push_unknown_session" time="0.131" /><testcase classname="tests.test_call_offer_mirror" name="test_voice_offer_flagged_out_of_authority" time="0.443" /><testcase classname="tests.test_call_offer_mirror" name="test_mission_not_ordered" time="0.382" /></testsuite></testsuites>