<?xml version="1.0" encoding="utf-8"?><testsuites name="pytest tests"><testsuite name="pytest" errors="0" failures="0" skipped="0" tests="22" time="31.899" timestamp="2026-08-30T06:15:57.233882+00:00" hostname="agent-env-1d12fb27-e01b-4fba-8588-1ca3780d0439"><testcase classname="tests.test_communication_hub.TestStatus" name="test_status_all_not_configured" time="0.420" /><testcase classname="tests.test_communication_hub.TestStatus" name="test_status_requires_auth" time="0.120" /><testcase classname="tests.test_communication_hub.TestStart" name="test_start_telegram_not_configured" time="2.301" /><testcase classname="tests.test_communication_hub.TestStart" name="test_start_bogus_mission_404" time="0.052" /><testcase classname="tests.test_communication_hub.TestStart" name="test_start_empty_recipient_400" time="0.053" /><testcase classname="tests.test_communication_hub.TestStart" name="test_start_unsupported_channel_400" time="0.056" /><testcase classname="tests.test_communication_hub.TestWebhook" name="test_wrong_secret_401" time="0.121" /><testcase classname="tests.test_communication_hub.TestWebhook" name="test_bot_message_ignored" time="0.099" /><testcase classname="tests.test_communication_hub.TestWebhook" name="test_non_text_update_ignored" time="0.132" /><testcase classname="tests.test_communication_hub.TestWebhook" name="test_unknown_chat_no_conversation" time="0.121" /><testcase classname="tests.test_communication_hub.TestWebhook" name="test_inbound_runs_shared_engine_and_idempotency" time="4.659" /><testcase classname="tests.test_communication_hub.TestAuthority" name="test_above_max_quote_requires_buyer_approval" time="4.799" /><testcase classname="tests.test_communication_hub.TestAuthority" name="test_approve_accept_records_decision_no_purchase" time="4.823" /><testcase classname="tests.test_communication_hub.TestAuthority" name="test_other_actions[REJECT-REJECTED]" time="0.099" /><testcase classname="tests.test_communication_hub.TestAuthority" name="test_other_actions[COUNTER-NEGOTIATING]" time="0.111" /><testcase classname="tests.test_communication_hub.TestAuthority" name="test_other_actions[CLARIFY-REQUIREMENTS_DISCUSSION]" time="0.101" /><testcase classname="tests.test_communication_hub.TestAuthority" name="test_invalid_action_400" time="0.107" /><testcase classname="tests.test_communication_hub.TestReads" name="test_list_conversations" time="0.050" /><testcase classname="tests.test_communication_hub.TestReads" name="test_detail_fields" time="0.115" /><testcase classname="tests.test_communication_hub.TestReads" name="test_detail_unknown_id_404" time="0.049" /><testcase classname="tests.test_communication_hub.TestReads" name="test_org_isolation" time="0.527" /><testcase classname="tests.test_communication_hub.TestRegression" name="test_direct_negotiation_prepare" time="12.863" /></testsuite></testsuites>