<?xml version="1.0" encoding="utf-8"?><testsuites name="pytest tests"><testsuite name="pytest" errors="0" failures="0" skipped="0" tests="14" time="21.975" timestamp="2026-08-30T11:06:29.754026+00:00" hostname="agent-env-e01b89ae-c82e-4bb4-827e-a97121bde1bd"><testcase classname="backend.tests.test_default_tile_vendors.TestDefaultTileVendors" name="test_status_discovered" time="13.470" /><testcase classname="backend.tests.test_default_tile_vendors.TestDefaultTileVendors" name="test_both_defaults_present" time="0.000" /><testcase classname="backend.tests.test_default_tile_vendors.TestDefaultTileVendors" name="test_defaults_have_phone_and_default_flag" time="0.000" /><testcase classname="backend.tests.test_default_tile_vendors.TestDefaultTileVendors" name="test_default_ids_are_unique" time="0.000" /><testcase classname="backend.tests.test_default_tile_vendors.TestDefaultTileVendors" name="test_all_candidates_have_unique_ids" time="0.000" /><testcase classname="backend.tests.test_default_tile_vendors.TestDefaultTileVendors" name="test_no_mongo_id_leak" time="0.000" /><testcase classname="backend.tests.test_default_tile_vendors.TestDefaultTileVendors" name="test_non_tile_material_no_defaults" time="7.933" /><testcase classname="backend.tests.test_default_tile_vendors.TestLaunchTelegramGate" name="test_launch_without_telegram_link_returns_400" time="0.057" /><testcase classname="backend.tests.test_default_tile_vendors.TestLaunchTelegramGate" name="test_launch_unknown_campaign_404" time="0.054" /><testcase classname="backend.tests.test_default_tile_vendors.TestLaunchTelegramGate" name="test_launch_requires_auth" time="0.185" /><testcase classname="backend.tests.test_default_tile_vendors.TestCampaignEndpoints" name="test_list_campaigns" time="0.056" /><testcase classname="backend.tests.test_default_tile_vendors.TestCampaignEndpoints" name="test_get_campaign" time="0.048" /><testcase classname="backend.tests.test_default_tile_vendors.TestCampaignEndpoints" name="test_get_campaign_404" time="0.049" /><testcase classname="backend.tests.test_default_tile_vendors.TestCampaignEndpoints" name="test_max_price_below_target_400" time="0.050" /></testsuite></testsuites>