<?xml version="1.0" encoding="utf-8"?><testsuites name="pytest tests"><testsuite name="pytest" errors="0" failures="0" skipped="1" tests="28" time="87.796" timestamp="2026-08-30T04:12:32.330881+00:00" hostname="agent-env-1d12fb27-e01b-4fba-8588-1ca3780d0439"><testcase classname="tests.test_direct_negotiation.TestPrepare" name="test_auth_ok" time="0.536" /><testcase classname="tests.test_direct_negotiation.TestPrepare" name="test_prepare_rejects_inverted_authority" time="0.060" /><testcase classname="tests.test_direct_negotiation.TestPrepare" name="test_prepare_success" time="14.088" /><testcase classname="tests.test_direct_negotiation.TestPrepare" name="test_thread_created_shared" time="0.058" /><testcase classname="tests.test_direct_negotiation.TestPrepare" name="test_list_direct_missions" time="0.052" /><testcase classname="tests.test_direct_negotiation.TestPrepare" name="test_org_isolation_404" time="0.137"><skipped type="pytest.skip" message="cannot register second org: 422 {&quot;detail&quot;:[{&quot;type&quot;:&quot;value_error&quot;,&quot;loc&quot;:[&quot;body&quot;,&quot;email&quot;],&quot;msg&quot;:&quot;value is not a valid email address: The part after the @-sign is a special-use or reserved name that cannot be used with email.&quot;,&quot;input&quot;:">/app/backend/tests/test_direct_negotiation.py:164: cannot register second org: 422 {"detail":[{"type":"value_error","loc":["body","email"],"msg":"value is not a valid email address: The part after the @-sign is a special-use or reserved name that cannot be used with email.","input":</skipped></testcase><testcase classname="tests.test_direct_negotiation.TestApprovedCall" name="test_config_and_approve_simulated_call" time="38.938" /><testcase classname="tests.test_direct_negotiation.TestApprovedCall" name="test_thread_has_phone_event" time="0.054" /><testcase classname="tests.test_direct_negotiation.TestFallback" name="test_fallback_rejects_non_eligible_call" time="0.053" /><testcase classname="tests.test_direct_negotiation.TestFallback" name="test_fallback_simulate_false_not_configured" time="0.053" /><testcase classname="tests.test_direct_negotiation.TestFallback" name="test_fallback_simulated" time="0.052" /><testcase classname="tests.test_direct_negotiation.TestFallback" name="test_fallback_second_call_409" time="0.053" /><testcase classname="tests.test_direct_negotiation.TestFallback" name="test_fallback_stored_once_and_in_thread" time="0.053" /><testcase classname="tests.test_direct_negotiation.TestFallback" name="test_fallback_audited" time="0.059" /><testcase classname="tests.test_direct_negotiation.TestWhatsAppReply" name="test_reply_enforces_authority" time="2.762" /><testcase classname="tests.test_direct_negotiation.TestWhatsAppReply" name="test_reply_messages_stored" time="0.056" /><testcase classname="tests.test_direct_negotiation.TestWhatsAppReply" name="test_reply_empty_text_400" time="0.051" /><testcase classname="tests.test_direct_negotiation.TestTimeline" name="test_unified_timeline" time="0.053" /><testcase classname="tests.test_direct_negotiation.TestReport" name="test_generate_report" time="16.576" /><testcase classname="tests.test_direct_negotiation.TestReport" name="test_report_persisted" time="0.059" /><testcase classname="tests.test_direct_negotiation.TestReport" name="test_report_400_without_conversation" time="12.737" /><testcase classname="tests.test_direct_negotiation.TestDecision" name="test_invalid_action_400" time="0.053" /><testcase classname="tests.test_direct_negotiation.TestDecision" name="test_approve_next" time="0.164" /><testcase classname="tests.test_direct_negotiation.TestDecision" name="test_no_purchase_or_order_created" time="0.057" /><testcase classname="tests.test_direct_negotiation.TestCallCenterHardening" name="test_config_inverted_authority_400" time="0.053" /><testcase classname="tests.test_direct_negotiation.TestCallCenterHardening" name="test_config_negative_price_400" time="0.105" /><testcase classname="tests.test_direct_negotiation.TestCallCenterHardening" name="test_webhooks_require_token" time="0.291" /><testcase classname="tests.test_direct_negotiation.TestCallCenterHardening" name="test_webhooks_reject_unapproved_session" time="0.422" /></testsuite></testsuites>