<?xml version="1.0" encoding="utf-8"?><testsuites name="pytest tests"><testsuite name="pytest" errors="0" failures="0" skipped="0" tests="13" time="18.210" timestamp="2026-08-29T23:08:07.544290+00:00" hostname="agent-env-6643b54d-10b7-45d5-a60a-68ce49e5e2b5"><testcase classname="backend.tests.test_exotel.TestStatus" name="test_status_requires_auth" time="0.280" /><testcase classname="backend.tests.test_exotel.TestStatus" name="test_status_ready_and_no_secrets" time="1.281" /><testcase classname="backend.tests.test_exotel.TestCallAuth" name="test_call_requires_auth" time="0.209" /><testcase classname="backend.tests.test_exotel.TestCallAuth" name="test_call_bogus_mission_returns_404" time="0.167" /><testcase classname="backend.tests.test_exotel.TestRealCallFlow" name="test_discover_vendor" time="13.113" /><testcase classname="backend.tests.test_exotel.TestRealCallFlow" name="test_place_real_call_once" time="1.112" /><testcase classname="backend.tests.test_exotel.TestRealCallFlow" name="test_session_tracked_and_org_scoped" time="0.315" /><testcase classname="backend.tests.test_exotel.TestRealCallFlow" name="test_session_bogus_ref_404" time="0.135" /><testcase classname="backend.tests.test_exotel.TestRealCallFlow" name="test_no_auto_commit_after_call" time="0.308" /><testcase classname="backend.tests.test_exotel.TestWebhooks" name="test_session_end_wrong_token" time="0.154" /><testcase classname="backend.tests.test_exotel.TestWebhooks" name="test_session_end_and_duplicate" time="0.430" /><testcase classname="backend.tests.test_exotel.TestWebhooks" name="test_session_start_authority_read_only" time="0.344" /><testcase classname="backend.tests.test_exotel.TestAudit" name="test_audit_call_events_and_no_secrets" time="0.281" /></testsuite></testsuites>