<?xml version="1.0" encoding="utf-8"?><testsuites name="pytest tests"><testsuite name="pytest" errors="0" failures="0" skipped="0" tests="14" time="25.331" timestamp="2026-08-29T22:26:13.358737+00:00" hostname="agent-env-6643b54d-10b7-45d5-a60a-68ce49e5e2b5"><testcase classname="backend.tests.test_exotel.TestStatus" name="test_status_requires_auth" time="0.175" /><testcase classname="backend.tests.test_exotel.TestStatus" name="test_status_shape" time="0.500" /><testcase classname="backend.tests.test_exotel.TestCallAuth" name="test_call_requires_auth" time="0.134" /><testcase classname="backend.tests.test_exotel.TestCallAuth" name="test_call_bogus_mission_returns_404" time="0.109" /><testcase classname="backend.tests.test_exotel.TestMockedFlow" name="test_discover_vendor" time="22.294" /><testcase classname="backend.tests.test_exotel.TestMockedFlow" name="test_place_call_not_configured" time="0.500" /><testcase classname="backend.tests.test_exotel.TestMockedFlow" name="test_session_start_wrong_token" time="0.144" /><testcase classname="backend.tests.test_exotel.TestMockedFlow" name="test_session_start_unknown_ref" time="0.128" /><testcase classname="backend.tests.test_exotel.TestMockedFlow" name="test_session_start_context" time="0.116" /><testcase classname="backend.tests.test_exotel.TestMockedFlow" name="test_authority_is_read_only" time="0.238" /><testcase classname="backend.tests.test_exotel.TestMockedFlow" name="test_session_end_records" time="0.363" /><testcase classname="backend.tests.test_exotel.TestMockedFlow" name="test_session_end_idempotent" time="0.132" /><testcase classname="backend.tests.test_exotel.TestAuditAndRegression" name="test_audit_has_call_events_and_no_secrets" time="0.155" /><testcase classname="backend.tests.test_exotel.TestAuditAndRegression" name="test_system_status_exotel_block" time="0.261" /></testsuite></testsuites>