<?xml version="1.0" encoding="utf-8"?><testsuites name="pytest tests"><testsuite name="pytest" errors="0" failures="0" skipped="0" tests="14" time="3.493" timestamp="2026-08-30T06:35:59.613321+00:00" hostname="agent-env-1d12fb27-e01b-4fba-8588-1ca3780d0439"><testcase classname="tests.test_google_auth.TestGoogleSessionContract" name="test_invalid_session_id_returns_401" time="0.622" /><testcase classname="tests.test_google_auth.TestGoogleSessionContract" name="test_missing_session_id_returns_422" time="0.054" /><testcase classname="tests.test_google_auth.TestGoogleSessionContract" name="test_null_session_id_returns_422" time="0.054" /><testcase classname="tests.test_google_auth.TestGoogleSessionContract" name="test_empty_session_id_returns_401" time="0.098" /><testcase classname="tests.test_google_auth.TestGoogleSessionContract" name="test_no_mongo_objectid_leak_on_error" time="0.109" /><testcase classname="tests.test_google_auth.TestAuthRegression" name="test_login_success" time="0.288" /><testcase classname="tests.test_google_auth.TestAuthRegression" name="test_me_with_bearer" time="0.425" /><testcase classname="tests.test_google_auth.TestAuthRegression" name="test_me_without_token_401" time="0.117" /><testcase classname="tests.test_google_auth.TestAuthRegression" name="test_me_invalid_token_401" time="0.117" /><testcase classname="tests.test_google_auth.TestAuthRegression" name="test_refresh_with_cookie" time="0.365" /><testcase classname="tests.test_google_auth.TestAuthRegression" name="test_refresh_without_cookie_401" time="0.104" /><testcase classname="tests.test_google_auth.TestAuthRegression" name="test_logout" time="0.422" /><testcase classname="tests.test_google_auth.TestAuthRegression" name="test_wrong_password_401" time="0.344" /><testcase classname="tests.test_google_auth.TestAuthRegression" name="test_login_still_works_after_failed_attempt" time="0.279" /></testsuite></testsuites>