<?xml version="1.0" encoding="utf-8"?><testsuites name="pytest tests"><testsuite name="pytest" errors="0" failures="0" skipped="0" tests="2" time="4.706" timestamp="2026-08-30T07:46:18.474765+00:00" hostname="agent-env-1d12fb27-e01b-4fba-8588-1ca3780d0439"><testcase classname="tests.test_gemini_and_sourcing.TestMissionsCRUD" name="test_create_get_update_delete" time="4.103" /><testcase classname="tests.test_gemini_and_sourcing.TestMissionsCRUD" name="test_zz_restore_cancelled_missions" time="0.525" /></testsuite></testsuites>