<?xml version="1.0" encoding="utf-8"?><testsuites name="pytest tests"><testsuite name="pytest" errors="0" failures="0" skipped="0" tests="15" time="52.608" timestamp="2026-08-30T07:46:53.981770+00:00" hostname="agent-env-1d12fb27-e01b-4fba-8588-1ca3780d0439"><testcase classname="tests.test_gemini_and_sourcing.TestAIStatus" name="test_requires_auth" time="0.179" /><testcase classname="tests.test_gemini_and_sourcing.TestAIStatus" name="test_shape_and_active_provider" time="0.424" /><testcase classname="tests.test_gemini_and_sourcing.TestAIStatus" name="test_no_secret_leak" time="0.058" /><testcase classname="tests.test_gemini_and_sourcing.TestAIStatus" name="test_system_status_no_secret_leak" time="0.822" /><testcase classname="tests.test_gemini_and_sourcing.TestGeminiExtract" name="test_extract_requirement" time="26.730" /><testcase classname="tests.test_gemini_and_sourcing.TestMissionsCRUD" name="test_create_get_update_delete" time="2.453" /><testcase classname="tests.test_gemini_and_sourcing.TestMissionsCRUD" name="test_zz_restore_cancelled_missions" time="0.651" /><testcase classname="tests.test_gemini_and_sourcing.TestAutoSourcing" name="test_discover_requires_auth" time="0.172" /><testcase classname="tests.test_gemini_and_sourcing.TestAutoSourcing" name="test_validation_max_lt_target" time="0.060" /><testcase classname="tests.test_gemini_and_sourcing.TestAutoSourcing" name="test_validation_short_material" time="0.058" /><testcase classname="tests.test_gemini_and_sourcing.TestAutoSourcing" name="test_discover" time="20.707" /><testcase classname="tests.test_gemini_and_sourcing.TestAutoSourcing" name="test_list_campaigns" time="0.057" /><testcase classname="tests.test_gemini_and_sourcing.TestAutoSourcing" name="test_get_campaign" time="0.058" /><testcase classname="tests.test_gemini_and_sourcing.TestAutoSourcing" name="test_get_campaign_404" time="0.060" /><testcase classname="tests.test_gemini_and_sourcing.TestDashboard" name="test_stats" time="0.062" /></testsuite></testsuites>