<?xml version="1.0" encoding="utf-8"?><testsuites name="pytest tests"><testsuite name="pytest" errors="0" failures="0" skipped="0" tests="4" time="1.534" timestamp="2026-08-30T07:44:32.361624+00:00" hostname="agent-env-1d12fb27-e01b-4fba-8588-1ca3780d0439"><testcase classname="tests.test_gemini_and_sourcing.TestAIStatus" name="test_requires_auth" time="0.243" /><testcase classname="tests.test_gemini_and_sourcing.TestAIStatus" name="test_shape_and_active_provider" time="0.372" /><testcase classname="tests.test_gemini_and_sourcing.TestAIStatus" name="test_no_secret_leak" time="0.039" /><testcase classname="tests.test_gemini_and_sourcing.TestAIStatus" name="test_system_status_no_secret_leak" time="0.803" /></testsuite></testsuites>