<?xml version="1.0" encoding="utf-8"?><testsuites name="pytest tests"><testsuite name="pytest" errors="0" failures="1" skipped="0" tests="3" time="38.051" timestamp="2026-08-30T07:44:38.634300+00:00" hostname="agent-env-1d12fb27-e01b-4fba-8588-1ca3780d0439"><testcase classname="tests.test_gemini_and_sourcing.TestGeminiExtract" name="test_extract_requirement" time="37.866" /><testcase classname="tests.test_gemini_and_sourcing.TestMissionsCRUD" name="test_create_get_update_delete" time="0.058"><failure message="AssertionError: {&quot;detail&quot;:&quot;You've reached your plan limit of 3 active mission(s) on the 'free' plan. Complete or cancel a mission, or upgrade to run more.&quot;}&#10;assert 402 in (200, 201)&#10; +  where 402 = &lt;Response [402]&gt;.status_code">tests/test_gemini_and_sourcing.py:120: in test_create_get_update_delete
    assert r.status_code in (200, 201), r.text[:400]
E   AssertionError: {"detail":"You've reached your plan limit of 3 active mission(s) on the 'free' plan. Complete or cancel a mission, or upgrade to run more."}
E   assert 402 in (200, 201)
E    +  where 402 = &lt;Response [402]&gt;.status_code</failure></testcase><testcase classname="tests.test_gemini_and_sourcing.TestDashboard" name="test_stats" time="0.056" /></testsuite></testsuites>