<?xml version="1.0" encoding="utf-8"?><testsuites name="pytest tests"><testsuite name="pytest" errors="0" failures="0" skipped="0" tests="7" time="18.705" timestamp="2026-08-30T07:46:27.440713+00:00" hostname="agent-env-1d12fb27-e01b-4fba-8588-1ca3780d0439"><testcase classname="tests.test_gemini_and_sourcing.TestAutoSourcing" name="test_discover_requires_auth" time="0.152" /><testcase classname="tests.test_gemini_and_sourcing.TestAutoSourcing" name="test_validation_max_lt_target" time="1.471" /><testcase classname="tests.test_gemini_and_sourcing.TestAutoSourcing" name="test_validation_short_material" time="0.048" /><testcase classname="tests.test_gemini_and_sourcing.TestAutoSourcing" name="test_discover" time="16.825" /><testcase classname="tests.test_gemini_and_sourcing.TestAutoSourcing" name="test_list_campaigns" time="0.058" /><testcase classname="tests.test_gemini_and_sourcing.TestAutoSourcing" name="test_get_campaign" time="0.048" /><testcase classname="tests.test_gemini_and_sourcing.TestAutoSourcing" name="test_get_campaign_404" time="0.050" /></testsuite></testsuites>