<?xml version="1.0" encoding="utf-8"?><testsuites name="pytest tests"><testsuite name="pytest" errors="0" failures="0" skipped="0" tests="18" time="58.729" timestamp="2026-08-30T07:59:49.059406+00:00" hostname="agent-env-1d12fb27-e01b-4fba-8588-1ca3780d0439"><testcase classname="tests.test_telegram_orders_and_defaults.TestAuthAndHealth" name="test_admin_login" time="0.428" /><testcase classname="tests.test_telegram_orders_and_defaults.TestAuthAndHealth" name="test_dashboard_stats" time="0.055" /><testcase classname="tests.test_telegram_orders_and_defaults.TestAuthAndHealth" name="test_ai_status_gemini_no_secrets" time="0.050" /><testcase classname="tests.test_telegram_orders_and_defaults.TestTelegramLoginPersistence" name="test_verify_without_pending_login_returns_409" time="0.056" /><testcase classname="tests.test_telegram_orders_and_defaults.TestTelegramLoginPersistence" name="test_verify_requires_auth" time="0.146" /><testcase classname="tests.test_telegram_orders_and_defaults.TestTelegramLoginPersistence" name="test_verify_validation" time="0.058" /><testcase classname="tests.test_telegram_orders_and_defaults.TestTelegramLoginPersistence" name="test_status_authorized" time="0.050" /><testcase classname="tests.test_telegram_orders_and_defaults.TestAcceptOrderGuardrails" name="test_unknown_deal_404" time="0.054" /><testcase classname="tests.test_telegram_orders_and_defaults.TestAcceptOrderGuardrails" name="test_no_quote_400" time="0.103" /><testcase classname="tests.test_telegram_orders_and_defaults.TestAcceptOrderGuardrails" name="test_already_placed_409" time="0.059" /><testcase classname="tests.test_telegram_orders_and_defaults.TestAcceptOrderGuardrails" name="test_accept_requires_auth" time="0.110" /><testcase classname="tests.test_telegram_orders_and_defaults.TestOrdersAndAlerts" name="test_orders_list" time="0.058" /><testcase classname="tests.test_telegram_orders_and_defaults.TestOrdersAndAlerts" name="test_orders_requires_auth" time="0.118" /><testcase classname="tests.test_telegram_orders_and_defaults.TestOrdersAndAlerts" name="test_alerts_list" time="0.055" /><testcase classname="tests.test_telegram_orders_and_defaults.TestOrdersAndAlerts" name="test_alerts_requires_auth" time="0.108" /><testcase classname="tests.test_telegram_orders_and_defaults.TestDefaultTileVendor" name="test_tile_material_injects_slv_first" time="41.579" /><testcase classname="tests.test_telegram_orders_and_defaults.TestDefaultTileVendor" name="test_non_tile_material_no_default" time="15.496" /><testcase classname="tests.test_telegram_orders_and_defaults.TestDefaultTileVendor" name="test_max_price_below_target_400" time="0.060" /></testsuite></testsuites>