<?xml version="1.0" encoding="utf-8"?><testsuites name="pytest tests"><testsuite name="pytest" errors="0" failures="0" skipped="0" tests="35" time="7.317" timestamp="2026-08-30T11:31:33.092601+00:00" hostname="agent-env-e01b89ae-c82e-4bb4-827e-a97121bde1bd"><testcase classname="tests.test_auth_health" name="test_auth_health_shape" time="0.410" /><testcase classname="tests.test_auth_health" name="test_bogus_session_returns_structured_401" time="0.240" /><testcase classname="tests.test_google_auth.TestGoogleSessionContract" name="test_invalid_session_id_returns_401" time="0.180" /><testcase classname="tests.test_google_auth.TestGoogleSessionContract" name="test_missing_session_id_returns_422" time="0.049" /><testcase classname="tests.test_google_auth.TestGoogleSessionContract" name="test_null_session_id_returns_422" time="0.049" /><testcase classname="tests.test_google_auth.TestGoogleSessionContract" name="test_empty_session_id_returns_401" time="0.099" /><testcase classname="tests.test_google_auth.TestGoogleSessionContract" name="test_no_mongo_objectid_leak_on_error" time="0.146" /><testcase classname="tests.test_google_auth.TestAuthRegression" name="test_login_success" time="0.286" /><testcase classname="tests.test_google_auth.TestAuthRegression" name="test_me_with_bearer" time="0.375" /><testcase classname="tests.test_google_auth.TestAuthRegression" name="test_me_without_token_401" time="0.167" /><testcase classname="tests.test_google_auth.TestAuthRegression" name="test_me_invalid_token_401" time="0.121" /><testcase classname="tests.test_google_auth.TestAuthRegression" name="test_refresh_with_cookie" time="0.384" /><testcase classname="tests.test_google_auth.TestAuthRegression" name="test_refresh_without_cookie_401" time="0.106" /><testcase classname="tests.test_google_auth.TestAuthRegression" name="test_logout" time="0.477" /><testcase classname="tests.test_google_auth.TestAuthRegression" name="test_wrong_password_401" time="0.357" /><testcase classname="tests.test_google_auth.TestAuthRegression" name="test_login_still_works_after_failed_attempt" time="0.277" /><testcase classname="tests.test_google_monkeypatch" name="test_new_user_blank_name" time="0.022" /><testcase classname="tests.test_google_monkeypatch" name="test_new_user_whitespace_name_falls_back" time="0.010" /><testcase classname="tests.test_google_monkeypatch" name="test_existing_admin_login_via_google_no_duplicate" time="0.005" /><testcase classname="tests.test_google_monkeypatch" name="test_upstream_reject_returns_structured_401" time="0.001" /><testcase classname="tests.test_google_monkeypatch" name="test_upstream_missing_email_returns_401" time="0.001" /><testcase classname="tests.test_google_monkeypatch" name="test_upstream_network_error_returns_502" time="0.001" /><testcase classname="tests.test_receipts_and_auth" name="test_login_returns_access_token" time="0.230" /><testcase classname="tests.test_receipts_and_auth" name="test_me_with_valid_token" time="0.002" /><testcase classname="tests.test_receipts_and_auth" name="test_me_invalid_token" time="0.001" /><testcase classname="tests.test_receipts_and_auth" name="test_google_session_invalid" time="0.085" /><testcase classname="tests.test_receipts_and_auth" name="test_minted_jwt_accepted" time="0.004" /><testcase classname="tests.test_receipts_and_auth" name="test_receipt_pdf_pro" time="0.809" /><testcase classname="tests.test_receipts_and_auth" name="test_receipt_gst_math_pro" time="0.000" /><testcase classname="tests.test_receipts_and_auth" name="test_receipt_gst_math_mission" time="0.780" /><testcase classname="tests.test_receipts_and_auth" name="test_receipt_pdf_mission" time="0.009" /><testcase classname="tests.test_receipts_and_auth" name="test_receipt_unknown_order_404" time="0.003" /><testcase classname="tests.test_receipts_and_auth" name="test_receipt_unpaid_order_400" time="0.791" /><testcase classname="tests.test_receipts_and_auth" name="test_receipt_requires_auth" time="0.002" /><testcase classname="tests.test_receipts_and_auth" name="test_list_payments" time="0.003" /></testsuite></testsuites>