<?xml version="1.0" encoding="utf-8"?><testsuites name="pytest tests"><testsuite name="pytest" errors="0" failures="0" skipped="0" tests="19" time="97.470" timestamp="2026-08-29T20:56:13.277147+00:00" hostname="agent-env-6643b54d-10b7-45d5-a60a-68ce49e5e2b5"><testcase classname="tests.test_new_features.TestAuth" name="test_admin_login" time="0.468" /><testcase classname="tests.test_new_features.TestSystemStatus" name="test_status" time="0.167" /><testcase classname="tests.test_new_features.TestEntitlements" name="test_free_plan_402_on_fourth_active" time="1.362" /><testcase classname="tests.test_new_features.TestDiscoveryNegotiation" name="test_discovery_returns_vendors_or_no_500" time="0.465" /><testcase classname="tests.test_new_features.TestDiscoveryNegotiation" name="test_negotiate" time="73.023" /><testcase classname="tests.test_new_features.TestDiscoveryNegotiation" name="test_vendor_memory" time="0.161" /><testcase classname="tests.test_new_features.TestAnalytics" name="test_analytics_keys" time="0.155" /><testcase classname="tests.test_new_features.TestOutreachAI" name="test_compose" time="5.259" /><testcase classname="tests.test_new_features.TestOutreachAI" name="test_strategy" time="6.270" /><testcase classname="tests.test_new_features.TestOutreachAI" name="test_contact" time="2.856" /><testcase classname="tests.test_new_features.TestOutreachFlow" name="test_send_records_attempt" time="0.686" /><testcase classname="tests.test_new_features.TestOutreachFlow" name="test_reply_parse" time="1.327" /><testcase classname="tests.test_new_features.TestOutreachFlow" name="test_apply_offer" time="0.436" /><testcase classname="tests.test_new_features.TestOutreachFlow" name="test_thread_summary" time="2.284" /><testcase classname="tests.test_new_features.TestReport" name="test_pdf" time="0.176" /><testcase classname="tests.test_new_features.TestVoice" name="test_status_and_usage" time="0.342" /><testcase classname="tests.test_new_features.TestTeam" name="test_full_invite_flow" time="1.473" /><testcase classname="tests.test_new_features.TestWhatsApp" name="test_status_not_configured" time="0.150" /><testcase classname="tests.test_new_features.TestWhatsApp" name="test_webhook_verify_403" time="0.315" /></testsuite></testsuites>