<?xml version="1.0" encoding="utf-8"?><testsuites name="pytest tests"><testsuite name="pytest" errors="0" failures="0" skipped="0" tests="14" time="29.863" timestamp="2026-08-30T03:04:29.421543+00:00" hostname="agent-env-6643b54d-10b7-45d5-a60a-68ce49e5e2b5"><testcase classname="backend.tests.test_orchestrated_flows.TestNegotiationEngine" name="test_message_creates_structured_thread" time="12.884" /><testcase classname="backend.tests.test_orchestrated_flows.TestNegotiationEngine" name="test_get_thread_returns_same_state_and_offer_mirrored" time="0.273" /><testcase classname="backend.tests.test_orchestrated_flows.TestNegotiationEngine" name="test_decision_approve_does_not_auto_purchase" time="0.135" /><testcase classname="backend.tests.test_orchestrated_flows.TestOrchestratorMidFlow" name="test_orchestrator_derivation_with_offer" time="0.114" /><testcase classname="backend.tests.test_orchestrated_flows.TestContractAnalysis" name="test_analyze_contract" time="12.187" /><testcase classname="backend.tests.test_orchestrated_flows.TestContractAnalysis" name="test_get_latest_contract" time="0.214" /><testcase classname="backend.tests.test_orchestrated_flows.TestOrderLifecycle" name="test_authorize_within_authority_offer" time="0.252" /><testcase classname="backend.tests.test_orchestrated_flows.TestOrderLifecycle" name="test_authorize_duplicate_returns_409" time="0.214" /><testcase classname="backend.tests.test_orchestrated_flows.TestOrderLifecycle" name="test_status_update_valid_and_invalid" time="0.282" /><testcase classname="backend.tests.test_orchestrated_flows.TestOrderLifecycle" name="test_timeline_contains_events" time="0.114" /><testcase classname="backend.tests.test_orchestrated_flows.TestInvoiceVerification" name="test_verify_invoice_flags_discrepancies" time="2.356" /><testcase classname="backend.tests.test_orchestrated_flows.TestDeliveryConfirmation" name="test_mark_delivered_then_verify_completes_mission" time="0.280" /><testcase classname="backend.tests.test_orchestrated_flows.TestDeliveryConfirmation" name="test_orchestrator_reports_completed" time="0.111" /><testcase classname="backend.tests.test_orchestrated_flows.TestAuditTrail" name="test_audit_contains_expected_events" time="0.302" /></testsuite></testsuites>