<?xml version="1.0" encoding="utf-8"?><testsuites name="pytest tests"><testsuite name="pytest" errors="0" failures="0" skipped="0" tests="7" time="25.736" timestamp="2026-08-30T02:46:35.690835+00:00" hostname="agent-env-6643b54d-10b7-45d5-a60a-68ce49e5e2b5"><testcase classname="backend.tests.test_persona.TestSystemRegression" name="test_system_status_ready" time="1.434" /><testcase classname="backend.tests.test_persona.TestSystemRegression" name="test_audit_endpoint_ok" time="0.057" /><testcase classname="backend.tests.test_persona.TestWebNegotiation" name="test_negotiate_within_authority" time="23.462" /><testcase classname="backend.tests.test_persona.TestWebNegotiation" name="test_offer_price_within_authority" time="0.055" /><testcase classname="backend.tests.test_persona.TestWebNegotiation" name="test_no_auto_commit" time="0.103" /><testcase classname="backend.tests.test_persona.TestVoicePersona" name="test_session_start_returns_agent_prompt" time="0.283" /><testcase classname="backend.tests.test_persona.TestVoicePersona" name="test_authority_is_read_only" time="0.205" /></testsuite></testsuites>