<?xml version="1.0" encoding="utf-8"?><testsuites name="pytest tests"><testsuite name="pytest" errors="0" failures="2" skipped="0" tests="21" time="49.264" timestamp="2026-08-29T18:30:00.732814+00:00" hostname="agent-env-ee06e3f1-dd83-4c55-aea1-01683f3fad5d"><testcase classname="backend.tests.backend_test.TestAuth" name="test_login_returns_token_and_user" time="0.623"><failure message="AssertionError: assert 'user' in {'id': '291482181a5948319e5dfdb46b13a44f', 'email': 'buyer@test.com', 'name': 'Test Buyer', 'role': 'owner', ...}">backend/tests/backend_test.py:42: in test_login_returns_token_and_user
    assert "user" in data
E   AssertionError: assert 'user' in {'id': '291482181a5948319e5dfdb46b13a44f', 'email': 'buyer@test.com', 'name': 'Test Buyer', 'role': 'owner', ...}</failure></testcase><testcase classname="backend.tests.backend_test.TestAuth" name="test_login_invalid" time="0.335" /><testcase classname="backend.tests.backend_test.TestAuth" name="test_me_with_bearer" time="0.524" /><testcase classname="backend.tests.backend_test.TestAuth" name="test_me_without_token" time="0.165" /><testcase classname="backend.tests.backend_test.TestAuth" name="test_register_and_logout" time="0.618" /><testcase classname="backend.tests.backend_test.TestExtract" name="test_extract_requirement" time="3.049" /><testcase classname="backend.tests.backend_test.TestMissionsCRUD" name="test_list_missions" time="0.436" /><testcase classname="backend.tests.backend_test.TestMissionsCRUD" name="test_get_mission" time="0.164" /><testcase classname="backend.tests.backend_test.TestMissionsCRUD" name="test_patch_mission" time="0.333" /><testcase classname="backend.tests.backend_test.TestDiscovery" name="test_run_discovery_and_poll" time="26.300" /><testcase classname="backend.tests.backend_test.TestDiscovery" name="test_activity_trail" time="0.162" /><testcase classname="backend.tests.backend_test.TestNegotiation" name="test_negotiate_vendor" time="11.791" /><testcase classname="backend.tests.backend_test.TestNegotiation" name="test_list_negotiations" time="0.184" /><testcase classname="backend.tests.backend_test.TestOffers" name="test_list_offers" time="0.169" /><testcase classname="backend.tests.backend_test.TestCompare" name="test_compare" time="3.061" /><testcase classname="backend.tests.backend_test.TestApproval" name="test_approve_action" time="0.350" /><testcase classname="backend.tests.backend_test.TestDashboard" name="test_stats" time="0.160" /><testcase classname="backend.tests.backend_test.TestVoice" name="test_voice_status" time="0.189" /><testcase classname="backend.tests.backend_test.TestBilling" name="test_plans" time="0.149"><failure message="AssertionError: assert False&#10; +  where False = isinstance({'plans': [{'id': 'free', 'name': 'Explorer', 'type': 'free', 'price': 0, ...}, {'id': 'mission', 'name': 'Procurement Mission', 'type': 'one_time', 'price': None, ...}, {'id': 'pro', 'name': 'AI Buyer Pro', 'type': 'subscription', 'price': None, ...}], 'payment_configured': False, 'provider': 'stripe', 'message': 'Live checkout requires payment configuration. Plans below are available to preview.'}, list)">backend/tests/backend_test.py:245: in test_plans
    assert isinstance(plans, list)
E   AssertionError: assert False
E    +  where False = isinstance({'plans': [{'id': 'free', 'name': 'Explorer', 'type': 'free', 'price': 0, ...}, {'id': 'mission', 'name': 'Procurement Mission', 'type': 'one_time', 'price': None, ...}, {'id': 'pro', 'name': 'AI Buyer Pro', 'type': 'subscription', 'price': None, ...}], 'payment_configured': False, 'provider': 'stripe', 'message': 'Live checkout requires payment configuration. Plans below are available to preview.'}, list)</failure></testcase><testcase classname="backend.tests.backend_test.TestBilling" name="test_subscription" time="0.151" /><testcase classname="backend.tests.backend_test" name="test_zz_cleanup_mission" time="0.192" /></testsuite></testsuites>