<?xml version="1.0" encoding="utf-8"?><testsuites name="pytest tests"><testsuite name="pytest" errors="0" failures="0" skipped="0" tests="13" time="4.943" timestamp="2026-08-30T11:19:07.819017+00:00" hostname="agent-env-e01b89ae-c82e-4bb4-827e-a97121bde1bd"><testcase classname="backend.tests.test_receipts_and_auth" name="test_login_returns_access_token" time="0.405" /><testcase classname="backend.tests.test_receipts_and_auth" name="test_me_with_valid_token" time="0.132" /><testcase classname="backend.tests.test_receipts_and_auth" name="test_me_invalid_token" time="0.101" /><testcase classname="backend.tests.test_receipts_and_auth" name="test_google_session_invalid" time="0.199" /><testcase classname="backend.tests.test_receipts_and_auth" name="test_minted_jwt_accepted" time="0.261" /><testcase classname="backend.tests.test_receipts_and_auth" name="test_receipt_pdf_pro" time="1.174" /><testcase classname="backend.tests.test_receipts_and_auth" name="test_receipt_gst_math_pro" time="0.000" /><testcase classname="backend.tests.test_receipts_and_auth" name="test_receipt_gst_math_mission" time="1.031" /><testcase classname="backend.tests.test_receipts_and_auth" name="test_receipt_pdf_mission" time="0.173" /><testcase classname="backend.tests.test_receipts_and_auth" name="test_receipt_unknown_order_404" time="0.099" /><testcase classname="backend.tests.test_receipts_and_auth" name="test_receipt_unpaid_order_400" time="1.052" /><testcase classname="backend.tests.test_receipts_and_auth" name="test_receipt_requires_auth" time="0.135" /><testcase classname="backend.tests.test_receipts_and_auth" name="test_list_payments" time="0.113" /></testsuite></testsuites>