<?xml version="1.0" encoding="utf-8"?><testsuites name="pytest tests"><testsuite name="pytest" errors="0" failures="1" skipped="0" tests="13" time="4.866" timestamp="2026-08-30T10:57:35.483706+00:00" hostname="agent-env-e01b89ae-c82e-4bb4-827e-a97121bde1bd"><testcase classname="backend.tests.test_receipts_and_auth" name="test_login_returns_access_token" time="0.469" /><testcase classname="backend.tests.test_receipts_and_auth" name="test_me_with_valid_token" time="0.134" /><testcase classname="backend.tests.test_receipts_and_auth" name="test_me_invalid_token" time="0.102" /><testcase classname="backend.tests.test_receipts_and_auth" name="test_google_session_invalid" time="0.189" /><testcase classname="backend.tests.test_receipts_and_auth" name="test_minted_jwt_accepted" time="0.251" /><testcase classname="backend.tests.test_receipts_and_auth" name="test_receipt_pdf_pro" time="1.148" /><testcase classname="backend.tests.test_receipts_and_auth" name="test_receipt_gst_math_pro" time="0.000" /><testcase classname="backend.tests.test_receipts_and_auth" name="test_receipt_gst_math_mission" time="0.997" /><testcase classname="backend.tests.test_receipts_and_auth" name="test_receipt_pdf_mission" time="0.142" /><testcase classname="backend.tests.test_receipts_and_auth" name="test_receipt_unknown_order_404" time="0.101" /><testcase classname="backend.tests.test_receipts_and_auth" name="test_receipt_unpaid_order_400" time="0.968" /><testcase classname="backend.tests.test_receipts_and_auth" name="test_receipt_requires_auth" time="0.107" /><testcase classname="backend.tests.test_receipts_and_auth" name="test_list_payments" time="0.110"><failure message="AssertionError: assert False&#10; +  where False = &lt;built-in method startswith of str object at 0xfd53da830c08&gt;('INV-')&#10; +    where &lt;built-in method startswith of str object at 0xfd53da830c08&gt; = ''.startswith&#10; +      where '' = &lt;built-in method get of dict object at 0xfd53d6cd9540&gt;('invoice_no', '')&#10; +        where &lt;built-in method get of dict object at 0xfd53d6cd9540&gt; = {'mode': 'TEST', 'order_id': 'order_TVx5WmhA1EZLjz', 'amount': 11900, 'currency': 'INR', ...}.get">backend/tests/test_receipts_and_auth.py:191: in test_list_payments
    assert row.get("invoice_no", "").startswith("INV-")
E   AssertionError: assert False
E    +  where False = &lt;built-in method startswith of str object at 0xfd53da830c08&gt;('INV-')
E    +    where &lt;built-in method startswith of str object at 0xfd53da830c08&gt; = ''.startswith
E    +      where '' = &lt;built-in method get of dict object at 0xfd53d6cd9540&gt;('invoice_no', '')
E    +        where &lt;built-in method get of dict object at 0xfd53d6cd9540&gt; = {'mode': 'TEST', 'order_id': 'order_TVx5WmhA1EZLjz', 'amount': 11900, 'currency': 'INR', ...}.get</failure></testcase></testsuite></testsuites>